<?xml version="1.0" encoding="UTF-8"?>
<!-- Generated by org.testng.reporters.JUnitXMLReporter -->
<testsuite hostname="DESKTOP-R4SI2TC" ignored="1" name="Default test" tests="1" failures="0" timestamp="2022-11-08T23:15:50 EST" time="5.593" errors="0">
  <testcase name="putCall2" time="5.523" classname="rest.apiOne.testPackage.PUT_JSONPlaceHolderPost_Test"/>
  <testcase name="putCall" time="0.0" classname="rest.apiOne.testPackage.PUT_JSONPlaceHolderPost_Test">
    <ignored/>
  </testcase> <!-- putCall -->
</testsuite> <!-- Default test -->
