<?xml version="1.0" encoding="UTF-8"?>
<testng-results skipped="0" failed="0" ignored="1" total="2" passed="1">
  <reporter-output>
  </reporter-output>
  <suite name="Default suite" duration-ms="5593" started-at="2022-11-08T23:15:44 EST" finished-at="2022-11-08T23:15:50 EST">
    <groups>
    </groups>
    <test name="Default test" duration-ms="5593" started-at="2022-11-08T23:15:44 EST" finished-at="2022-11-08T23:15:50 EST">
      <class name="rest.apiOne.testPackage.PUT_JSONPlaceHolderPost_Test">
        <test-method status="PASS" signature="putCall2()[pri:0, instance:rest.apiOne.testPackage.PUT_JSONPlaceHolderPost_Test@64729b1e]" name="putCall2" duration-ms="5523" started-at="2022-11-08T23:15:44 EST" finished-at="2022-11-08T23:15:50 EST">
          <reporter-output>
          </reporter-output>
        </test-method> <!-- putCall2 -->
      </class> <!-- rest.apiOne.testPackage.PUT_JSONPlaceHolderPost_Test -->
    </test> <!-- Default test -->
  </suite> <!-- Default suite -->
</testng-results>
